<?xml version="1.0" encoding="UTF-8"?>
<testng-results skipped="0" failed="0" total="1" passed="1">
  <reporter-output>
  </reporter-output>
  <suite name="suite" duration-ms="18439" started-at="2018-03-11T12:10:38Z" finished-at="2018-03-11T12:10:56Z">
    <groups>
    </groups>
    <test name="testValidLoginLogOut" duration-ms="18439" started-at="2018-03-11T12:10:38Z" finished-at="2018-03-11T12:10:56Z">
      <class name="scripts.ValidLoginLogout">
        <test-method status="PASS" signature="preCondition()[pri:0, instance:scripts.ValidLoginLogout@2d45ba]" name="preCondition" is-config="true" duration-ms="6278" started-at="2018-03-11T17:40:38Z" finished-at="2018-03-11T17:40:44Z">
          <reporter-output>
          </reporter-output>
        </test-method> <!-- preCondition -->
        <test-method status="PASS" signature="testValidLoginLogOut()[pri:0, instance:scripts.ValidLoginLogout@2d45ba]" name="testValidLoginLogOut" duration-ms="11849" started-at="2018-03-11T17:40:44Z" finished-at="2018-03-11T17:40:56Z">
          <reporter-output>
          </reporter-output>
        </test-method> <!-- testValidLoginLogOut -->
        <test-method status="PASS" signature="postCondition()[pri:0, instance:scripts.ValidLoginLogout@2d45ba]" name="postCondition" is-config="true" duration-ms="283" started-at="2018-03-11T17:40:56Z" finished-at="2018-03-11T17:40:56Z">
          <reporter-output>
          </reporter-output>
        </test-method> <!-- postCondition -->
      </class> <!-- scripts.ValidLoginLogout -->
    </test> <!-- testValidLoginLogOut -->
  </suite> <!-- suite -->
</testng-results>
